<?xml version="1.0" encoding="UTF-8"?>
<!-- Generated by org.testng.reporters.JUnitReportReporter -->
<testsuite skipped="0" hostname="GauravAhuja" name="Amazon.TestN1" tests="3" failures="0" timestamp="2022-01-16T18:25:10 IST" time="12.646" errors="0">
  <testcase name="YourList" time="2.902" classname="Amazon.TestN1"/>
  <system-out/>
  <testcase name="AccountSection" time="2.390" classname="Amazon.TestN1"/>
  <system-out/>
  <testcase name="YourAccount" time="7.354" classname="Amazon.TestN1"/>
  <system-out/>
</testsuite> <!-- Amazon.TestN1 -->
