<?xml version="1.0" encoding="UTF-8"?>
<!-- Generated by org.testng.reporters.JUnitReportReporter -->
<testsuite skipped="0" hostname="GauravAhuja" name="SupportingOrderPlace.SGOrderPlace" tests="2" failures="0" timestamp="2022-06-19T19:53:49 IST" time="29.150" errors="0">
  <testcase name="CreateExcel" time="0.129" classname="SupportingOrderPlace.SGOrderPlace"/>
  <system-out/>
  <testcase name="PlaceOrderSG" time="29.021" classname="SupportingOrderPlace.SGOrderPlace"/>
  <system-out/>
</testsuite> <!-- SupportingOrderPlace.SGOrderPlace -->
