<?xml version="1.0" encoding="UTF-8"?>
<!-- Generated by org.testng.reporters.JUnitReportReporter -->
<testsuite skipped="0" hostname="GauravAhuja" name="SupportingOrderPlace.AEWOrderPlace" tests="19" failures="0" timestamp="2022-08-19T07:48:35 IST" time="116.859" errors="0">
  <testcase name="CreateExcel" time="3.356" classname="SupportingOrderPlace.AEWOrderPlace"/>
  <system-out/>
  <testcase name="StudyLevel" time="10.702" classname="SupportingOrderPlace.AEWOrderPlace"/>
  <system-out/>
  <testcase name="Datepicker" time="2.733" classname="SupportingOrderPlace.AEWOrderPlace"/>
  <system-out/>
  <testcase name="PageWords" time="2.717" classname="SupportingOrderPlace.AEWOrderPlace"/>
  <system-out/>
  <testcase name="PageWords1" time="2.260" classname="SupportingOrderPlace.AEWOrderPlace"/>
  <system-out/>
  <testcase name="CheckSubjectField" time="1.020" classname="SupportingOrderPlace.AEWOrderPlace"/>
  <system-out/>
  <testcase name="CheckSubjectField1" time="2.566" classname="SupportingOrderPlace.AEWOrderPlace"/>
  <system-out/>
  <testcase name="CheckSubjectField2" time="4.164" classname="SupportingOrderPlace.AEWOrderPlace"/>
  <system-out/>
  <testcase name="CheckSubjectField3" time="6.192" classname="SupportingOrderPlace.AEWOrderPlace"/>
  <system-out/>
  <testcase name="ReferenceStyle" time="0.979" classname="SupportingOrderPlace.AEWOrderPlace"/>
  <system-out/>
  <testcase name="AssignmentDetail" time="0.599" classname="SupportingOrderPlace.AEWOrderPlace"/>
  <system-out/>
  <testcase name="AssignmentDetail2" time="24.649" classname="SupportingOrderPlace.AEWOrderPlace"/>
  <system-out/>
  <testcase name="DescriptionField2" time="18.542" classname="SupportingOrderPlace.AEWOrderPlace"/>
  <system-out/>
  <testcase name="Emailid" time="2.857" classname="SupportingOrderPlace.AEWOrderPlace"/>
  <system-out/>
  <testcase name="Emailid1" time="2.974" classname="SupportingOrderPlace.AEWOrderPlace"/>
  <system-out/>
  <testcase name="Emailid2" time="2.836" classname="SupportingOrderPlace.AEWOrderPlace"/>
  <system-out/>
  <testcase name="Emailid3" time="3.123" classname="SupportingOrderPlace.AEWOrderPlace"/>
  <system-out/>
  <testcase name="CheckDetails" time="23.957" classname="SupportingOrderPlace.AEWOrderPlace"/>
  <system-out/>
  <testcase name="PlaceOrderAEW" time="0.633" classname="SupportingOrderPlace.AEWOrderPlace"/>
  <system-out/>
</testsuite> <!-- SupportingOrderPlace.AEWOrderPlace -->
