<?xml version="1.0" encoding="UTF-8"?>
<!-- Generated by org.testng.reporters.JUnitReportReporter -->
<testsuite skipped="0" hostname="GauravAhuja" name="FlipKart.DataProviderClass" tests="4" failures="0" timestamp="2022-01-20T00:20:23 IST" time="0.084" errors="0">
  <testcase name="FlipKartLogin" time="0.035" classname="FlipKart.DataProviderClass"/>
  <system-out/>
  <testcase name="FlipKartLogin" time="0.017" classname="FlipKart.DataProviderClass"/>
  <system-out/>
  <testcase name="FlipKartLogin" time="0.018" classname="FlipKart.DataProviderClass"/>
  <system-out/>
  <testcase name="FlipKartLogin" time="0.014" classname="FlipKart.DataProviderClass"/>
  <system-out/>
</testsuite> <!-- FlipKart.DataProviderClass -->
