<?xml version="1.0" encoding="UTF-8"?>
<!-- Generated by org.testng.reporters.JUnitReportReporter -->
<testsuite skipped="0" hostname="GauravAhuja" name="FlipKart.FlipKartClass" tests="4" failures="0" timestamp="2022-01-16T18:25:10 IST" time="12.130" errors="0">
  <testcase name="LaunchSite" time="8.080" classname="FlipKart.FlipKartClass"/>
  <system-out/>
  <testcase name="LoginDetails" time="1.032" classname="FlipKart.FlipKartClass"/>
  <system-out/>
  <testcase name="ClosePopUp" time="2.530" classname="FlipKart.FlipKartClass"/>
  <system-out/>
  <testcase name="MoreHover" time="0.488" classname="FlipKart.FlipKartClass"/>
  <system-out/>
</testsuite> <!-- FlipKart.FlipKartClass -->
