<?xml version="1.0" encoding="UTF-8"?>
<!-- Generated by org.testng.reporters.JUnitReportReporter -->
<testsuite skipped="0" hostname="GauravAhuja" name="SupportingOrderPlace.EAHOrderPlace" tests="20" failures="0" timestamp="2022-08-19T07:44:35 IST" time="155.759" errors="0">
  <testcase name="CreateExcel" time="8.272" classname="SupportingOrderPlace.EAHOrderPlace"/>
  <system-out/>
  <testcase name="CheckSubjectField" time="4.692" classname="SupportingOrderPlace.EAHOrderPlace"/>
  <system-out/>
  <testcase name="CheckSubjectField1" time="6.233" classname="SupportingOrderPlace.EAHOrderPlace"/>
  <system-out/>
  <testcase name="CheckSubjectField2" time="6.128" classname="SupportingOrderPlace.EAHOrderPlace"/>
  <system-out/>
  <testcase name="CheckSubjectField3" time="8.543" classname="SupportingOrderPlace.EAHOrderPlace"/>
  <system-out/>
  <testcase name="PagesFieldINC" time="3.697" classname="SupportingOrderPlace.EAHOrderPlace"/>
  <system-out/>
  <testcase name="PagesFieldDEC" time="2.678" classname="SupportingOrderPlace.EAHOrderPlace"/>
  <system-out/>
  <testcase name="Datepicker" time="10.091" classname="SupportingOrderPlace.EAHOrderPlace"/>
  <system-out/>
  <testcase name="StudyLevel" time="0.823" classname="SupportingOrderPlace.EAHOrderPlace"/>
  <system-out/>
  <testcase name="ReferenceStyle" time="0.500" classname="SupportingOrderPlace.EAHOrderPlace"/>
  <system-out/>
  <testcase name="DescriptionField" time="2.559" classname="SupportingOrderPlace.EAHOrderPlace"/>
  <system-out/>
  <testcase name="DescriptionField1" time="23.690" classname="SupportingOrderPlace.EAHOrderPlace"/>
  <system-out/>
  <testcase name="DescriptionField2" time="2.407" classname="SupportingOrderPlace.EAHOrderPlace"/>
  <system-out/>
  <testcase name="DescriptionField3" time="22.793" classname="SupportingOrderPlace.EAHOrderPlace"/>
  <system-out/>
  <testcase name="Emailid" time="6.389" classname="SupportingOrderPlace.EAHOrderPlace"/>
  <system-out/>
  <testcase name="Emailid1" time="6.165" classname="SupportingOrderPlace.EAHOrderPlace"/>
  <system-out/>
  <testcase name="Emailid2" time="5.953" classname="SupportingOrderPlace.EAHOrderPlace"/>
  <system-out/>
  <testcase name="Emailid3" time="6.370" classname="SupportingOrderPlace.EAHOrderPlace"/>
  <system-out/>
  <testcase name="VerifyDetails" time="25.794" classname="SupportingOrderPlace.EAHOrderPlace"/>
  <system-out/>
  <testcase name="PlaceOrderEAH" time="1.982" classname="SupportingOrderPlace.EAHOrderPlace"/>
  <system-out/>
</testsuite> <!-- SupportingOrderPlace.EAHOrderPlace -->
