<?xml version="1.0" encoding="UTF-8"?>
<!-- Generated by org.testng.reporters.JUnitReportReporter -->
<testsuite skipped="0" hostname="GauravAhuja" name="SupportingOrderPlace.GAAOrderPlace" tests="8" failures="0" timestamp="2022-09-12T23:37:33 IST" time="69.716" errors="0">
  <testcase name="CreateExcel" time="3.789" classname="SupportingOrderPlace.GAAOrderPlace"/>
  <system-out/>
  <testcase name="EmailValidation" time="2.485" classname="SupportingOrderPlace.GAAOrderPlace"/>
  <system-out/>
  <testcase name="ValidEmail" time="2.610" classname="SupportingOrderPlace.GAAOrderPlace"/>
  <system-out/>
  <testcase name="ValidSubject" time="2.951" classname="SupportingOrderPlace.GAAOrderPlace"/>
  <system-out/>
  <testcase name="ValidDescription" time="22.842" classname="SupportingOrderPlace.GAAOrderPlace"/>
  <system-out/>
  <testcase name="DeleteRequirement" time="2.233" classname="SupportingOrderPlace.GAAOrderPlace"/>
  <system-out/>
  <testcase name="OrderPlace" time="32.737" classname="SupportingOrderPlace.GAAOrderPlace"/>
  <system-out/>
  <testcase name="VerifyDetail" time="0.069" classname="SupportingOrderPlace.GAAOrderPlace"/>
  <system-out/>
</testsuite> <!-- SupportingOrderPlace.GAAOrderPlace -->
