<?xml version="1.0" encoding="UTF-8"?>
<!-- Generated by org.testng.reporters.JUnitReportReporter -->
<testsuite hostname="GauravAhuja" failures="0" tests="2" name="com.Amazon.Tests.HomePage" time="83.194" errors="0" timestamp="2023-09-10T23:47:21 IST" skipped="0">
  <testcase classname="com.Amazon.Tests.HomePage" name="amazonHome" time="69.861"/>
  <system-out/>
  <testcase classname="com.Amazon.Tests.HomePage" name="writeData" time="13.333"/>
  <system-out/>
</testsuite> <!-- com.Amazon.Tests.HomePage -->
