<?xml version="1.0" encoding="UTF-8"?>
<!-- Generated by org.testng.reporters.JUnitReportReporter -->
<testsuite skipped="5" hostname="GauravAhuja" name="Supporting.AssignmentHelpUS" tests="8" failures="0" timestamp="2022-05-24T07:21:19 IST" time="594.922" errors="0">
  <testcase name="PlaceOrderUS" time="100.016" classname="Supporting.AssignmentHelpUS"/>
  <system-out/>
  <testcase name="BestPrice" time="113.503" classname="Supporting.AssignmentHelpUS"/>
  <system-out/>
  <testcase name="ExpertWaiting" time="381.403" classname="Supporting.AssignmentHelpUS"/>
  <system-out/>
  <testcase name="BestExpertWaiting" classname="Supporting.AssignmentHelpUS">
    <skipped/>
  </testcase> <!-- BestExpertWaiting -->
  <system-out/>
  <testcase name="ExpertStopped" classname="Supporting.AssignmentHelpUS">
    <skipped/>
  </testcase> <!-- ExpertStopped -->
  <system-out/>
  <testcase name="TopQuality" classname="Supporting.AssignmentHelpUS">
    <skipped/>
  </testcase> <!-- TopQuality -->
  <system-out/>
  <testcase name="GrapDeal" classname="Supporting.AssignmentHelpUS">
    <skipped/>
  </testcase> <!-- GrapDeal -->
  <system-out/>
  <testcase name="SiezeDiscount" classname="Supporting.AssignmentHelpUS">
    <skipped/>
  </testcase> <!-- SiezeDiscount -->
  <system-out/>
</testsuite> <!-- Supporting.AssignmentHelpUS -->
