<?xml version="1.0" encoding="UTF-8"?>
<!-- Generated by org.testng.reporters.JUnitReportReporter -->
<testsuite skipped="6" hostname="GauravAhuja" name="Supporting.MyAssignmentHelpUK" tests="8" failures="0" timestamp="2022-05-24T07:21:19 IST" time="204.275" errors="0">
  <testcase name="OrderPlaceUK" time="94.150" classname="Supporting.MyAssignmentHelpUK"/>
  <system-out/>
  <testcase name="BestPrice" time="110.125" classname="Supporting.MyAssignmentHelpUK"/>
  <system-out/>
  <testcase name="TopQuality" classname="Supporting.MyAssignmentHelpUK">
    <skipped/>
  </testcase> <!-- TopQuality -->
  <system-out/>
  <testcase name="ExpertStopped" classname="Supporting.MyAssignmentHelpUK">
    <skipped/>
  </testcase> <!-- ExpertStopped -->
  <system-out/>
  <testcase name="GrapDeal" classname="Supporting.MyAssignmentHelpUK">
    <skipped/>
  </testcase> <!-- GrapDeal -->
  <system-out/>
  <testcase name="SiezeDiscount" classname="Supporting.MyAssignmentHelpUK">
    <skipped/>
  </testcase> <!-- SiezeDiscount -->
  <system-out/>
  <testcase name="ExpertWaiting" classname="Supporting.MyAssignmentHelpUK">
    <skipped/>
  </testcase> <!-- ExpertWaiting -->
  <system-out/>
  <testcase name="BestExpertWaiting" classname="Supporting.MyAssignmentHelpUK">
    <skipped/>
  </testcase> <!-- BestExpertWaiting -->
  <system-out/>
</testsuite> <!-- Supporting.MyAssignmentHelpUK -->
