<?xml version="1.0" encoding="UTF-8"?>
<!-- Generated by org.testng.reporters.JUnitReportReporter -->
<testsuite skipped="0" hostname="GauravAhuja" name="AmazonNew.OrangeHRM" tests="1" failures="0" timestamp="2022-04-26T06:43:45 IST" time="17.769" errors="0">
  <testcase name="LoginHRM" time="17.769" classname="AmazonNew.OrangeHRM"/>
  <system-out/>
</testsuite> <!-- AmazonNew.OrangeHRM -->
