<?xml version="1.0" encoding="UTF-8"?>
<!-- Generated by org.testng.reporters.JUnitReportReporter -->
<testsuite skipped="2" hostname="GauravAhuja" name="FlipKart.LoginHrms" tests="5" failures="0" timestamp="2022-01-15T11:53:00 IST" time="0.066" errors="0">
  <testcase name="testAgain1" time="0.022" classname="FlipKart.LoginHrms"/>
  <system-out/>
  <testcase name="testAgain1" time="0.037" classname="FlipKart.LoginHrms"/>
  <system-out/>
  <testcase name="testAgain1" time="0.007" classname="FlipKart.LoginHrms"/>
  <system-out/>
  <testcase name="loginFB" classname="FlipKart.LoginHrms">
    <skipped/>
  </testcase> <!-- loginFB -->
  <system-out/>
  <testcase name="testAgain" classname="FlipKart.LoginHrms">
    <skipped/>
  </testcase> <!-- testAgain -->
  <system-out/>
</testsuite> <!-- FlipKart.LoginHrms -->
