<?xml version="1.0" encoding="UTF-8"?>
<!-- Generated by org.testng.reporters.JUnitReportReporter -->
<testsuite skipped="0" hostname="GauravAhuja" name="Supporting.EssayAssinmentHelpAU" tests="7" failures="0" timestamp="2022-08-23T06:58:40 IST" time="253.473" errors="0">
  <testcase name="BestPriceEAH" time="63.368" classname="Supporting.EssayAssinmentHelpAU"/>
  <system-out/>
  <testcase name="ExpertWaitingEAH" time="44.444" classname="Supporting.EssayAssinmentHelpAU"/>
  <system-out/>
  <testcase name="TopQualityEAH" time="28.760" classname="Supporting.EssayAssinmentHelpAU"/>
  <system-out/>
  <testcase name="SiezeDiscountEAH" time="28.953" classname="Supporting.EssayAssinmentHelpAU"/>
  <system-out/>
  <testcase name="ExpertStoppedEAH" time="29.031" classname="Supporting.EssayAssinmentHelpAU"/>
  <system-out/>
  <testcase name="GrapDealEAH" time="29.254" classname="Supporting.EssayAssinmentHelpAU"/>
  <system-out/>
  <testcase name="BestExpertWaitingEAH" time="29.663" classname="Supporting.EssayAssinmentHelpAU"/>
  <system-out/>
</testsuite> <!-- Supporting.EssayAssinmentHelpAU -->
